**********************************************************
256 ERRO NA TRANSACAO - 2011-07-16 23:45:14 (BRT)
     ARQUIVO: /var/www/projects/BrazilCards/manuals/cielo/lojaexemplo-php/includes/errorHandling.php(Linha 64)
     MENSAGEM: 
     Código do erro: 014
     Mensagem: Autorização Direta é permitida apenas para crédito.
     XML de envio: 
<?xml version="1.0" encoding="ISO-8859-1" ?>
<requisicao-autorizacao-portador id="e82e6a669dc1bc6af03b8e85b8cac5a6" versao ="1.1.0">
<tid>10069930690FF2A1A001</tid>
   <dados-ec>
      <numero>1006993069</numero>
      <chave>25fbb99741c739dd84d7b06ec78c9bac718838630f30b112d033ce2e621b34f3</chave>
   </dados-ec>
   <dados-cartao>
      <numero>4551870000000183</numero>
      <validade>201508</validade>
      <indicador>1</indicador>
      <codigo-seguranca>973</codigo-seguranca>
   </dados-cartao>
   <dados-pedido>
      <numero>3934433</numero>
      <valor>10000</valor>
      <moeda>986</moeda>
      <data-hora>2011-07-16T23:45:14</data-hora>
      <idioma>PT</idioma>
   </dados-pedido>
   <forma-pagamento>
      <bandeira>visa</bandeira>
      <produto>A</produto>
      <parcelas>1</parcelas>
   </forma-pagamento>
   <capturar-automaticamente>false</capturar-automaticamente>
</requisicao-autorizacao-portador>

**********************************************************
256 ERRO NA TRANSACAO - 2011-07-16 23:46:36 (BRT)
     ARQUIVO: /var/www/projects/BrazilCards/manuals/cielo/lojaexemplo-php/includes/errorHandling.php(Linha 64)
     MENSAGEM: 
     Código do erro: 014
     Mensagem: Autorização Direta é permitida apenas para crédito.
     XML de envio: 
<?xml version="1.0" encoding="ISO-8859-1" ?>
<requisicao-autorizacao-portador id="bf58e28b9a3d333961f375b9bbb2c615" versao ="1.1.0">
<tid>10069930690FF2A2A001</tid>
   <dados-ec>
      <numero>1006993069</numero>
      <chave>25fbb99741c739dd84d7b06ec78c9bac718838630f30b112d033ce2e621b34f3</chave>
   </dados-ec>
   <dados-cartao>
      <numero>4551870000000183</numero>
      <validade>201508</validade>
      <indicador>1</indicador>
      <codigo-seguranca>973</codigo-seguranca>
   </dados-cartao>
   <dados-pedido>
      <numero>3548515</numero>
      <valor>10000</valor>
      <moeda>986</moeda>
      <data-hora>2011-07-16T23:46:36</data-hora>
      <idioma>PT</idioma>
   </dados-pedido>
   <forma-pagamento>
      <bandeira>visa</bandeira>
      <produto>A</produto>
      <parcelas>1</parcelas>
   </forma-pagamento>
   <capturar-automaticamente>false</capturar-automaticamente>
</requisicao-autorizacao-portador>

**********************************************************
256 ERRO NA TRANSACAO - 2011-07-17 07:23:18 (BRT)
     ARQUIVO: /var/www/projects/BrazilCards/manuals/cielo/lojaexemplo-php/includes/errorHandling.php(Linha 64)
     MENSAGEM: 
     Código do erro: 020
     Mensagem: O status 'Em andamento' não permite autorização.
     XML de envio: 
<?xml version="1.0" encoding="ISO-8859-1" ?>
<requisicao-autorizacao-tid id="44995915bb603c0380dd963b49f9ad59" versao="1.1.0">
  <tid>100173489805DB2D1001</tid>
  <dados-ec>
      <numero>1001734898</numero>
      <chave>e84827130b9837473681c2787007da5914d6359947015a5cdb2b8843db0fa832</chave>
   </dados-ec>
</requisicao-autorizacao-tid>

**********************************************************
256 ERRO NA TRANSACAO - 2011-07-17 07:23:29 (BRT)
     ARQUIVO: /var/www/projects/BrazilCards/manuals/cielo/lojaexemplo-php/includes/errorHandling.php(Linha 64)
     MENSAGEM: 
     Código do erro: 041
     Mensagem: O status 'Em andamento' não permite cancelamento.
     XML de envio: 
<?xml version="1.0" encoding="ISO-8859-1" ?>
<requisicao-cancelamento id="eb5f505e101dbb0fbd3171fbc6470e2d" versao="1.1.0">
   <tid>100173489805DB2D1001</tid>
   <dados-ec>
      <numero>1001734898</numero>
      <chave>e84827130b9837473681c2787007da5914d6359947015a5cdb2b8843db0fa832</chave>
   </dados-ec>
</requisicao-cancelamento>

**********************************************************
8 RUNTIME NOTICE - 2011-07-17 19:30:29 (BRT)
     ARQUIVO: /var/www/projects/BrazilCards/manuals/cielo/lojaexemplo-php/pages/retorno.php(Linha 11)
     MENSAGEM: 
Undefined offset:  -1

